0001_0038_0030_0033_0033.jpg 1 38 30 33 33
0002_0036_0034_0029_0029.jpg 1 36 34 29 29
0003_0013_0009_0069_0069.jpg 1 13 9 69 69
0004_0034_0018_0046_0046.jpg 1 34 18 46 46
0005_0017_0014_0032_0032.jpg 1 17 14 32 32
0006_0021_0038_0047_0047.jpg 1 21 38 47 47
0007_0029_0028_0048_0048.jpg 1 29 28 48 48
0008_0034_0008_0038_0038.jpg 1 34 8 38 38
0009_0005_0009_0062_0062.jpg 1 5 9 62 62
0010_0023_0016_0059_0059.jpg 1 23 16 59 59
0011_0043_0008_0048_0048.jpg 1 43 8 48 48
0012_0055_0058_0024_0024.jpg 1 55 58 24 24
0013_0010_0006_0047_0047.jpg 1 10 6 47 47
0014_0017_0057_0035_0035.jpg 1 17 57 35 35
0015_0030_0030_0065_0065.jpg 1 30 30 65 65
0016_0038_0039_0051_0051.jpg 1 38 39 51 51
0017_0006_0010_0056_0056.jpg 1 6 10 56 56
0018_0030_0023_0025_0025.jpg 1 30 23 25 25
0019_0031_0036_0030_0030.jpg 1 31 36 30 30
0020_0039_0013_0048_0048.jpg 1 39 13 48 48
0021_0039_0031_0044_0044.jpg 1 39 31 44 44
0022_0014_0008_0066_0066.jpg 1 14 8 66 66
0023_0023_0053_0034_0034.jpg 1 23 53 34 34
0024_0022_0021_0056_0056.jpg 1 22 21 56 56
0025_0007_0041_0053_0053.jpg 1 7 41 53 53
0026_0023_0031_0048_0048.jpg 1 23 31 48 48
0027_0039_0033_0052_0052.jpg 1 39 33 52 52
0028_0015_0016_0055_0055.jpg 1 15 16 55 55
0029_0028_0012_0065_0065.jpg 1 28 12 65 65
0030_0068_0055_0031_0031.jpg 1 68 55 31 31
0031_0030_0056_0037_0037.jpg 1 30 56 37 37
0032_0006_0033_0031_0031.jpg 1 6 33 31 31
0033_0036_0026_0058_0058.jpg 1 36 26 58 58
0034_0034_0037_0054_0054.jpg 1 34 37 54 54
0035_0037_0038_0050_0050.jpg 1 37 38 50 50
0036_0028_0017_0029_0029.jpg 1 28 17 29 29
0037_0024_0026_0062_0062.jpg 1 24 26 62 62
0038_0046_0049_0038_0038.jpg 1 46 49 38 38
0039_0049_0006_0042_0042.jpg 1 49 6 42 42
0040_0032_0037_0040_0040.jpg 1 32 37 40 40
0041_0017_0050_0032_0032.jpg 1 17 50 32 32
0042_0060_0035_0025_0025.jpg 1 60 35 25 25
0043_0056_0051_0029_0029.jpg 1 56 51 29 29
0044_0019_0005_0065_0065.jpg 1 19 5 65 65
0045_0049_0013_0031_0031.jpg 1 49 13 31 31
0046_0028_0030_0049_0049.jpg 1 28 30 49 49
0047_0003_0021_0066_0066.jpg 1 3 21 66 66
0048_0026_0027_0053_0053.jpg 1 26 27 53 53
0049_0064_0010_0026_0026.jpg 1 64 10 26 26
0050_0023_0067_0024_0024.jpg 1 23 67 24 24
0051_0007_0045_0046_0046.jpg 1 7 45 46 46
0052_0016_0030_0025_0025.jpg 1 16 30 25 25
0053_0012_0031_0062_0062.jpg 1 12 31 62 62
0054_0009_0029_0031_0031.jpg 1 9 29 31 31
0055_0035_0027_0059_0059.jpg 1 35 27 59 59
0056_0058_0058_0032_0032.jpg 1 58 58 32 32
0057_0038_0047_0044_0044.jpg 1 38 47 44 44
0058_0027_0021_0054_0054.jpg 1 27 21 54 54
0059_0011_0014_0024_0024.jpg 1 11 14 24 24
0060_0045_0051_0043_0043.jpg 1 45 51 43 43
0061_0053_0047_0034_0034.jpg 1 53 47 34 34
0062_0022_0012_0047_0047.jpg 1 22 12 47 47
0063_0033_0004_0060_0060.jpg 1 33 4 60 60
0064_0031_0021_0035_0035.jpg 1 31 21 35 35
0065_0039_0016_0036_0036.jpg 1 39 16 36 36
0066_0029_0033_0059_0059.jpg 1 29 33 59 59
0067_0022_0045_0035_0035.jpg 1 22 45 35 35
0068_0033_0020_0050_0050.jpg 1 33 20 50 50
0069_0006_0012_0052_0052.jpg 1 6 12 52 52
0070_0032_0015_0049_0049.jpg 1 32 15 49 49
0071_0036_0053_0034_0034.jpg 1 36 53 34 34
0072_0020_0015_0042_0042.jpg 1 20 15 42 42
0073_0010_0024_0058_0058.jpg 1 10 24 58 58
0074_0019_0024_0048_0048.jpg 1 19 24 48 48
0075_0066_0033_0025_0025.jpg 1 66 33 25 25
0076_0025_0021_0069_0069.jpg 1 25 21 69 69
0077_0013_0034_0045_0045.jpg 1 13 34 45 45
0078_0016_0040_0054_0054.jpg 1 16 40 54 54
0079_0045_0063_0052_0052.jpg 1 45 63 52 52
0080_0031_0038_0043_0043.jpg 1 31 38 43 43
0081_0005_0023_0056_0056.jpg 1 5 23 56 56
0082_0048_0027_0045_0045.jpg 1 48 27 45 45
0083_0011_0033_0032_0032.jpg 1 11 33 32 32
0084_0019_0062_0049_0049.jpg 1 19 62 49 49
0085_0040_0052_0026_0026.jpg 1 40 52 26 26
0086_0027_0018_0066_0066.jpg 1 27 18 66 66
0087_0016_0022_0067_0067.jpg 1 16 22 67 67
0088_0017_0017_0058_0058.jpg 1 17 17 58 58
0089_0047_0062_0024_0024.jpg 1 47 62 24 24
0090_0029_0036_0030_0030.jpg 1 29 36 30 30
0091_0029_0011_0049_0049.jpg 1 29 11 49 49
0092_0036_0042_0047_0047.jpg 1 36 42 47 47
0093_0004_0025_0063_0063.jpg 1 4 25 63 63
0094_0023_0006_0051_0051.jpg 1 23 6 51 51
0095_0006_0020_0056_0056.jpg 1 6 20 56 56
0096_0013_0017_0048_0048.jpg 1 13 17 48 48
0097_0012_0018_0053_0053.jpg 1 12 18 53 53
0098_0037_0007_0056_0056.jpg 1 37 7 56 56
0099_0057_0061_0025_0025.jpg 1 57 61 25 25
0100_0030_0032_0026_0026.jpg 1 30 32 26 26
0101_0027_0038_0028_0028.jpg 1 27 38 28 28
0102_0039_0011_0054_0054.jpg 1 39 11 54 54
0103_0010_0034_0027_0027.jpg 1 10 34 27 27
0104_0061_0036_0049_0049.jpg 1 61 36 49 49
0105_0023_0036_0051_0051.jpg 1 23 36 51 51
0106_0032_0010_0056_0056.jpg 1 32 10 56 56
0107_0031_0043_0050_0050.jpg 1 31 43 50 50
0108_0011_0030_0030_0030.jpg 1 11 30 30 30
0109_0032_0016_0028_0028.jpg 1 32 16 28 28
0110_0018_0024_0063_0063.jpg 1 18 24 63 63
0111_0010_0040_0051_0051.jpg 1 10 40 51 51
0112_0011_0029_0063_0063.jpg 1 11 29 63 63
0113_0015_0031_0065_0065.jpg 1 15 31 65 65
0114_0049_0020_0037_0037.jpg 1 49 20 37 37
0115_0033_0008_0055_0055.jpg 1 33 8 55 55
0116_0032_0025_0040_0040.jpg 1 32 25 40 40
0117_0022_0028_0065_0065.jpg 1 22 28 65 65
0118_0039_0012_0037_0037.jpg 1 39 12 37 37
0119_0030_0014_0066_0066.jpg 1 30 14 66 66
0120_0038_0021_0039_0039.jpg 1 38 21 39 39
0121_0010_0050_0026_0026.jpg 1 10 50 26 26
0122_0008_0011_0059_0059.jpg 1 8 11 59 59
0123_0006_0007_0064_0064.jpg 1 6 7 64 64
0124_0035_0009_0059_0059.jpg 1 35 9 59 59
0125_0034_0010_0058_0058.jpg 1 34 10 58 58
0126_0037_0012_0034_0034.jpg 1 37 12 34 34
0127_0017_0036_0030_0030.jpg 1 17 36 30 30
0128_0006_0028_0077_0077.jpg 1 6 28 77 77
0129_0033_0022_0059_0059.jpg 1 33 22 59 59
0130_0027_0024_0068_0068.jpg 1 27 24 68 68
0131_0022_0032_0031_0031.jpg 1 22 32 31 31
0132_0028_0028_0049_0049.jpg 1 28 28 49 49
0133_0013_0010_0035_0035.jpg 1 13 10 35 35
0134_0056_0063_0024_0024.jpg 1 56 63 24 24
0135_0006_0009_0069_0069.jpg 1 6 9 69 69
0136_0017_0059_0033_0033.jpg 1 17 59 33 33
0137_0026_0022_0051_0051.jpg 1 26 22 51 51
0138_0036_0015_0057_0057.jpg 1 36 15 57 57
0139_0004_0014_0067_0067.jpg 1 4 14 67 67
0140_0019_0015_0042_0042.jpg 1 19 15 42 42
0141_0017_0029_0061_0061.jpg 1 17 29 61 61
0142_0039_0027_0054_0054.jpg 1 39 27 54 54
0143_0034_0053_0036_0036.jpg 1 34 53 36 36
0144_0013_0008_0065_0065.jpg 1 13 8 65 65
0145_0013_0004_0063_0063.jpg 1 13 4 63 63
0146_0013_0016_0053_0053.jpg 1 13 16 53 53
0147_0009_0045_0028_0028.jpg 1 9 45 28 28
0148_0038_0027_0035_0035.jpg 1 38 27 35 35
0149_0020_0049_0029_0029.jpg 1 20 49 29 29
0150_0034_0058_0035_0035.jpg 1 34 58 35 35
0151_0033_0039_0035_0035.jpg 1 33 39 35 35
0152_0028_0045_0043_0043.jpg 1 28 45 43 43
0153_0049_0051_0026_0026.jpg 1 49 51 26 26
0154_0010_0030_0063_0063.jpg 1 10 30 63 63
0155_0039_0040_0042_0042.jpg 1 39 40 42 42
0156_0046_0050_0031_0031.jpg 1 46 50 31 31
0157_0008_0013_0041_0041.jpg 1 8 13 41 41
0158_0020_0024_0031_0031.jpg 1 20 24 31 31
0159_0024_0023_0057_0057.jpg 1 24 23 57 57
0160_0018_0026_0047_0047.jpg 1 18 26 47 47
0161_0006_0032_0042_0042.jpg 1 6 32 42 42
0162_0008_0021_0053_0053.jpg 1 8 21 53 53
0163_0038_0030_0033_0033.jpg 1 38 30 33 33
0164_0035_0021_0032_0032.jpg 1 35 21 32 32
0165_0026_0006_0067_0067.jpg 1 26 6 67 67
0166_0029_0042_0045_0045.jpg 1 29 42 45 45
0167_0022_0031_0055_0055.jpg 1 22 31 55 55
0168_0025_0034_0059_0059.jpg 1 25 34 59 59
0169_0045_0017_0035_0035.jpg 1 45 17 35 35
0170_0010_0055_0029_0029.jpg 1 10 55 29 29
0171_0005_0030_0063_0063.jpg 1 5 30 63 63
0172_0028_0045_0038_0038.jpg 1 28 45 38 38
0173_0060_0018_0030_0030.jpg 1 60 18 30 30
0174_0018_0026_0041_0041.jpg 1 18 26 41 41
0175_0018_0030_0065_0065.jpg 1 18 30 65 65
0176_0016_0046_0027_0027.jpg 1 16 46 27 27
0177_0027_0040_0069_0069.jpg 1 27 40 69 69
0178_0059_0036_0028_0028.jpg 1 59 36 28 28
0179_0025_0030_0061_0061.jpg 1 25 30 61 61
0180_0034_0033_0054_0054.jpg 1 34 33 54 54
0181_0029_0033_0042_0042.jpg 1 29 33 42 42
0182_0043_0033_0035_0035.jpg 1 43 33 35 35
0183_0005_0016_0050_0050.jpg 1 5 16 50 50
0184_0039_0040_0052_0052.jpg 1 39 40 52 52
0185_0040_0020_0051_0051.jpg 1 40 20 51 51
0186_0027_0024_0063_0063.jpg 1 27 24 63 63
0187_0036_0044_0036_0036.jpg 1 36 44 36 36
0188_0013_0009_0069_0069.jpg 1 13 9 69 69
0189_0038_0029_0042_0042.jpg 1 38 29 42 42
0190_0017_0044_0035_0035.jpg 1 17 44 35 35
0191_0049_0006_0037_0037.jpg 1 49 6 37 37
0192_0031_0012_0047_0047.jpg 1 31 12 47 47
0193_0028_0039_0044_0044.jpg 1 28 39 44 44
0194_0017_0032_0048_0048.jpg 1 17 32 48 48
0195_0015_0029_0040_0040.jpg 1 15 29 40 40
0196_0030_0018_0065_0065.jpg 1 30 18 65 65
0197_0065_0028_0027_0027.jpg 1 65 28 27 27
0198_0016_0026_0064_0064.jpg 1 16 26 64 64
0199_0034_0010_0053_0053.jpg 1 34 10 53 53
0200_0014_0023_0057_0057.jpg 1 14 23 57 57
0201_0029_0034_0061_0061.jpg 1 29 34 61 61
0202_0029_0017_0053_0053.jpg 1 29 17 53 53
0203_0019_0007_0066_0066.jpg 1 19 7 66 66
0204_0036_0022_0054_0054.jpg 1 36 22 54 54
0205_0005_0007_0061_0061.jpg 1 5 7 61 61
0206_0020_0013_0042_0042.jpg 1 20 13 42 42
0207_0021_0022_0064_0064.jpg 1 21 22 64 64
0208_0021_0007_0031_0031.jpg 1 21 7 31 31
0209_0008_0029_0051_0051.jpg 1 8 29 51 51
0210_0021_0011_0037_0037.jpg 1 21 11 37 37
0211_0022_0018_0061_0061.jpg 1 22 18 61 61
0212_0034_0039_0029_0029.jpg 1 34 39 29 29
0213_0020_0005_0065_0065.jpg 1 20 5 65 65
0214_0007_0033_0060_0060.jpg 1 7 33 60 60
0215_0023_0035_0045_0045.jpg 1 23 35 45 45
0216_0044_0009_0048_0048.jpg 1 44 9 48 48
0217_0020_0037_0042_0042.jpg 1 20 37 42 42
0218_0013_0026_0069_0069.jpg 1 13 26 69 69
0219_0033_0030_0056_0056.jpg 1 33 30 56 56
0220_0019_0019_0063_0063.jpg 1 19 19 63 63
0221_0029_0023_0062_0062.jpg 1 29 23 62 62
0222_0020_0022_0057_0057.jpg 1 20 22 57 57
0223_0025_0047_0046_0046.jpg 1 25 47 46 46
0224_0037_0022_0048_0048.jpg 1 37 22 48 48
0225_0047_0057_0029_0029.jpg 1 47 57 29 29
0226_0018_0012_0035_0035.jpg 1 18 12 35 35
0227_0013_0019_0041_0041.jpg 1 13 19 41 41
0228_0042_0013_0027_0027.jpg 1 42 13 27 27
0229_0043_0040_0027_0027.jpg 1 43 40 27 27
0230_0005_0030_0065_0065.jpg 1 5 30 65 65
0231_0025_0007_0059_0059.jpg 1 25 7 59 59
0232_0028_0013_0060_0060.jpg 1 28 13 60 60
0233_0014_0011_0057_0057.jpg 1 14 11 57 57
0234_0043_0008_0045_0045.jpg 1 43 8 45 45
0235_0010_0029_0051_0051.jpg 1 10 29 51 51
0236_0005_0035_0055_0055.jpg 1 5 35 55 55
0237_0047_0016_0040_0040.jpg 1 47 16 40 40
0238_0009_0010_0063_0063.jpg 1 9 10 63 63
0239_0033_0012_0031_0031.jpg 1 33 12 31 31
0240_0035_0026_0050_0050.jpg 1 35 26 50 50
0241_0017_0051_0039_0039.jpg 1 17 51 39 39
0242_0022_0056_0033_0033.jpg 1 22 56 33 33
0243_0006_0016_0068_0068.jpg 1 6 16 68 68
0244_0010_0046_0043_0043.jpg 1 10 46 43 43
0245_0043_0048_0040_0040.jpg 1 43 48 40 40
0246_0017_0006_0067_0067.jpg 1 17 6 67 67
0247_0021_0033_0057_0057.jpg 1 21 33 57 57
0248_0031_0016_0044_0044.jpg 1 31 16 44 44
0249_0005_0022_0049_0049.jpg 1 5 22 49 49
0250_0006_0038_0072_0072.jpg 1 6 38 72 72
0251_0044_0022_0028_0028.jpg 1 44 22 28 28
0252_0033_0011_0060_0060.jpg 1 33 11 60 60
0253_0029_0005_0058_0058.jpg 1 29 5 58 58
0254_0011_0029_0049_0049.jpg 1 11 29 49 49
0255_0039_0014_0052_0052.jpg 1 39 14 52 52
0256_0013_0040_0029_0029.jpg 1 13 40 29 29
0257_0034_0037_0026_0026.jpg 1 34 37 26 26
0258_0040_0020_0071_0071.jpg 1 40 20 71 71
0259_0023_0020_0039_0039.jpg 1 23 20 39 39
0260_0040_0051_0035_0035.jpg 1 40 51 35 35
0261_0026_0019_0026_0026.jpg 1 26 19 26 26
0262_0033_0016_0048_0048.jpg 1 33 16 48 48
0263_0011_0031_0027_0027.jpg 1 11 31 27 27
0264_0036_0050_0030_0030.jpg 1 36 50 30 30
0265_0031_0046_0046_0046.jpg 1 31 46 46 46
0266_0018_0022_0065_0065.jpg 1 18 22 65 65
0267_0044_0007_0040_0040.jpg 1 44 7 40 40
0268_0011_0011_0065_0065.jpg 1 11 11 65 65
0269_0032_0038_0047_0047.jpg 1 32 38 47 47
0270_0009_0035_0037_0037.jpg 1 9 35 37 37
0271_0028_0032_0053_0053.jpg 1 28 32 53 53
0272_0020_0038_0034_0034.jpg 1 20 38 34 34
0273_0008_0023_0072_0072.jpg 1 8 23 72 72
0274_0056_0032_0027_0027.jpg 1 56 32 27 27
0275_0028_0016_0066_0066.jpg 1 28 16 66 66
0276_0032_0014_0037_0037.jpg 1 32 14 37 37
0277_0036_0035_0045_0045.jpg 1 36 35 45 45
0278_0012_0029_0062_0062.jpg 1 12 29 62 62
0279_0026_0026_0062_0062.jpg 1 26 26 62 62
0280_0025_0045_0048_0048.jpg 1 25 45 48 48
0281_0006_0044_0046_0046.jpg 1 6 44 46 46
0282_0018_0012_0032_0032.jpg 1 18 12 32 32
0283_0009_0026_0069_0069.jpg 1 9 26 69 69
0284_0023_0015_0049_0049.jpg 1 23 15 49 49
0285_0019_0054_0029_0029.jpg 1 19 54 29 29
0286_0032_0037_0027_0027.jpg 1 32 37 27 27
0287_0026_0021_0033_0033.jpg 1 26 21 33 33
0288_0031_0042_0025_0025.jpg 1 31 42 25 25
0289_0046_0033_0046_0046.jpg 1 46 33 46 46
0290_0021_0044_0049_0049.jpg 1 21 44 49 49
0291_0055_0041_0036_0036.jpg 1 55 41 36 36
0292_0011_0022_0055_0055.jpg 1 11 22 55 55
0293_0035_0022_0049_0049.jpg 1 35 22 49 49
0294_0032_0008_0037_0037.jpg 1 32 8 37 37
0295_0024_0022_0031_0031.jpg 1 24 22 31 31
0296_0024_0017_0081_0081.jpg 1 24 17 81 81
0297_0030_0030_0064_0064.jpg 1 30 30 64 64
0298_0011_0010_0050_0050.jpg 1 11 10 50 50
0299_0044_0033_0044_0044.jpg 1 44 33 44 44
0300_0034_0052_0064_0064.jpg 1 34 52 64 64
0301_0048_0037_0042_0042.jpg 1 48 37 42 42
0302_0043_0065_0026_0026.jpg 1 43 65 26 26
0303_0031_0027_0049_0049.jpg 1 31 27 49 49
0304_0039_0008_0048_0048.jpg 1 39 8 48 48
0305_0062_0063_0024_0024.jpg 1 62 63 24 24
0306_0038_0040_0053_0053.jpg 1 38 40 53 53
0307_0027_0031_0059_0059.jpg 1 27 31 59 59
0308_0027_0025_0063_0063.jpg 1 27 25 63 63
0309_0018_0019_0061_0061.jpg 1 18 19 61 61
0310_0020_0027_0058_0058.jpg 1 20 27 58 58
0311_0012_0011_0024_0024.jpg 1 12 11 24 24
0312_0017_0022_0064_0064.jpg 1 17 22 64 64
0313_0017_0014_0062_0062.jpg 1 17 14 62 62
0314_0060_0052_0029_0029.jpg 1 60 52 29 29
0315_0020_0016_0045_0045.jpg 1 20 16 45 45
0316_0008_0025_0040_0040.jpg 1 8 25 40 40
0317_0044_0038_0024_0024.jpg 1 44 38 24 24
0318_0018_0011_0059_0059.jpg 1 18 11 59 59
0319_0028_0039_0056_0056.jpg 1 28 39 56 56
0320_0042_0048_0044_0044.jpg 1 42 48 44 44
0321_0005_0023_0067_0067.jpg 1 5 23 67 67
0322_0030_0024_0031_0031.jpg 1 30 24 31 31
0323_0040_0024_0043_0043.jpg 1 40 24 43 43
0324_0066_0052_0026_0026.jpg 1 66 52 26 26
0325_0056_0032_0037_0037.jpg 1 56 32 37 37
0326_0022_0028_0061_0061.jpg 1 22 28 61 61
0327_0011_0012_0055_0055.jpg 1 11 12 55 55
0328_0009_0017_0067_0067.jpg 1 9 17 67 67
0329_0040_0020_0046_0046.jpg 1 40 20 46 46
0330_0013_0034_0031_0031.jpg 1 13 34 31 31
0331_0059_0028_0033_0033.jpg 1 59 28 33 33
0332_0018_0056_0031_0031.jpg 1 18 56 31 31
0333_0018_0026_0028_0028.jpg 1 18 26 28 28
0334_0015_0020_0063_0063.jpg 1 15 20 63 63
0335_0020_0042_0041_0041.jpg 1 20 42 41 41
0336_0007_0014_0056_0056.jpg 1 7 14 56 56
0337_0045_0041_0044_0044.jpg 1 45 41 44 44
0338_0024_0022_0042_0042.jpg 1 24 22 42 42
0339_0012_0019_0066_0066.jpg 1 12 19 66 66
0340_0047_0036_0047_0047.jpg 1 47 36 47 47
0341_0019_0007_0044_0044.jpg 1 19 7 44 44
0342_0027_0055_0045_0045.jpg 1 27 55 45 45
0343_0014_0056_0025_0025.jpg 1 14 56 25 25
0344_0021_0033_0032_0032.jpg 1 21 33 32 32
0345_0019_0023_0067_0067.jpg 1 19 23 67 67
0346_0053_0025_0024_0024.jpg 1 53 25 24 24
0347_0008_0018_0068_0068.jpg 1 8 18 68 68
0348_0010_0008_0034_0034.jpg 1 10 8 34 34
0349_0031_0030_0064_0064.jpg 1 31 30 64 64
0350_0048_0054_0027_0027.jpg 1 48 54 27 27
0351_0009_0024_0065_0065.jpg 1 9 24 65 65
0352_0034_0008_0051_0051.jpg 1 34 8 51 51
0353_0021_0013_0039_0039.jpg 1 21 13 39 39
0354_0025_0008_0069_0069.jpg 1 25 8 69 69
0355_0027_0013_0053_0053.jpg 1 27 13 53 53
0356_0051_0018_0049_0049.jpg 1 51 18 49 49
0357_0030_0015_0064_0064.jpg 1 30 15 64 64
0358_0018_0034_0031_0031.jpg 1 18 34 31 31
0359_0004_0041_0053_0053.jpg 1 4 41 53 53
0360_0036_0058_0027_0027.jpg 1 36 58 27 27
0361_0031_0005_0060_0060.jpg 1 31 5 60 60
0362_0037_0028_0058_0058.jpg 1 37 28 58 58
0363_0042_0021_0052_0052.jpg 1 42 21 52 52
0364_0013_0023_0068_0068.jpg 1 13 23 68 68
0365_0033_0029_0048_0048.jpg 1 33 29 48 48
0366_0023_0014_0063_0063.jpg 1 23 14 63 63
0367_0034_0065_0025_0025.jpg 1 34 65 25 25
0368_0009_0011_0064_0064.jpg 1 9 11 64 64
0369_0021_0051_0029_0029.jpg 1 21 51 29 29
0370_0010_0013_0083_0083.jpg 1 10 13 83 83
0371_0015_0032_0033_0033.jpg 1 15 32 33 33
0372_0017_0038_0053_0053.jpg 1 17 38 53 53
0373_0040_0033_0050_0050.jpg 1 40 33 50 50
0374_0025_0026_0047_0047.jpg 1 25 26 47 47
0375_0019_0020_0051_0051.jpg 1 19 20 51 51
0376_0016_0030_0047_0047.jpg 1 16 30 47 47
0377_0026_0047_0046_0046.jpg 1 26 47 46 46
0378_0048_0009_0034_0034.jpg 1 48 9 34 34
0379_0022_0033_0031_0031.jpg 1 22 33 31 31
0380_0040_0025_0024_0024.jpg 1 40 25 24 24
0381_0024_0018_0069_0069.jpg 1 24 18 69 69
0382_0005_0006_0082_0082.jpg 1 5 6 82 82
0383_0029_0022_0066_0066.jpg 1 29 22 66 66
0384_0008_0018_0052_0052.jpg 1 8 18 52 52
0385_0021_0045_0031_0031.jpg 1 21 45 31 31
0386_0041_0013_0040_0040.jpg 1 41 13 40 40
0387_0043_0024_0046_0046.jpg 1 43 24 46 46
0388_0056_0055_0026_0026.jpg 1 56 55 26 26
0389_0047_0032_0034_0034.jpg 1 47 32 34 34
0390_0018_0011_0065_0065.jpg 1 18 11 65 65
0391_0037_0027_0027_0027.jpg 1 37 27 27 27
0392_0023_0018_0065_0065.jpg 1 23 18 65 65
0393_0012_0013_0062_0062.jpg 1 12 13 62 62
0394_0014_0008_0054_0054.jpg 1 14 8 54 54
0395_0009_0014_0061_0061.jpg 1 9 14 61 61
0396_0051_0048_0036_0036.jpg 1 51 48 36 36
0397_0009_0052_0054_0054.jpg 1 9 52 54 54
0398_0007_0016_0048_0048.jpg 1 7 16 48 48
0399_0015_0011_0062_0062.jpg 1 15 11 62 62
0400_0032_0035_0052_0052.jpg 1 32 35 52 52
0401_0041_0057_0030_0030.jpg 1 41 57 30 30
0402_0038_0026_0029_0029.jpg 1 38 26 29 29
0403_0032_0026_0052_0052.jpg 1 32 26 52 52
0404_0035_0019_0060_0060.jpg 1 35 19 60 60
0405_0017_0007_0060_0060.jpg 1 17 7 60 60
0406_0011_0052_0026_0026.jpg 1 11 52 26 26
0407_0021_0021_0043_0043.jpg 1 21 21 43 43
0408_0031_0013_0052_0052.jpg 1 31 13 52 52
0409_0038_0052_0033_0033.jpg 1 38 52 33 33
0410_0017_0017_0028_0028.jpg 1 17 17 28 28
0411_0023_0024_0043_0043.jpg 1 23 24 43 43
0412_0029_0010_0067_0067.jpg 1 29 10 67 67
0413_0011_0019_0066_0066.jpg 1 11 19 66 66
0414_0007_0029_0038_0038.jpg 1 7 29 38 38
0415_0029_0021_0052_0052.jpg 1 29 21 52 52
0416_0052_0054_0031_0031.jpg 1 52 54 31 31
0417_0045_0055_0038_0038.jpg 1 45 55 38 38
0418_0022_0035_0047_0047.jpg 1 22 35 47 47
0419_0038_0012_0038_0038.jpg 1 38 12 38 38
0420_0004_0025_0059_0059.jpg 1 4 25 59 59
0421_0036_0037_0052_0052.jpg 1 36 37 52 52
0422_0030_0013_0030_0030.jpg 1 30 13 30 30
0423_0020_0024_0055_0055.jpg 1 20 24 55 55
0424_0037_0046_0040_0040.jpg 1 37 46 40 40
0425_0009_0055_0031_0031.jpg 1 9 55 31 31
0426_0055_0012_0031_0031.jpg 1 55 12 31 31
0427_0037_0027_0057_0057.jpg 1 37 27 57 57
0428_0029_0004_0056_0056.jpg 1 29 4 56 56
0429_0018_0053_0038_0038.jpg 1 18 53 38 38
0430_0030_0027_0053_0053.jpg 1 30 27 53 53
0431_0018_0058_0032_0032.jpg 1 18 58 32 32
0432_0014_0028_0047_0047.jpg 1 14 28 47 47
0433_0037_0029_0054_0054.jpg 1 37 29 54 54
0434_0018_0007_0055_0055.jpg 1 18 7 55 55
0435_0048_0023_0040_0040.jpg 1 48 23 40 40
0436_0020_0038_0050_0050.jpg 1 20 38 50 50
0437_0015_0057_0028_0028.jpg 1 15 57 28 28
0438_0041_0014_0049_0049.jpg 1 41 14 49 49
0439_0061_0016_0028_0028.jpg 1 61 16 28 28
0440_0011_0037_0038_0038.jpg 1 11 37 38 38
0441_0047_0011_0030_0030.jpg 1 47 11 30 30
0442_0007_0012_0058_0058.jpg 1 7 12 58 58
0443_0007_0043_0027_0027.jpg 1 7 43 27 27
0444_0027_0020_0044_0044.jpg 1 27 20 44 44
0445_0050_0030_0034_0034.jpg 1 50 30 34 34
0446_0019_0009_0081_0081.jpg 1 19 9 81 81
0447_0004_0039_0053_0053.jpg 1 4 39 53 53
0448_0029_0019_0062_0062.jpg 1 29 19 62 62
0449_0025_0013_0067_0067.jpg 1 25 13 67 67
0450_0026_0014_0066_0066.jpg 1 26 14 66 66
0451_0057_0032_0036_0036.jpg 1 57 32 36 36
0452_0011_0007_0060_0060.jpg 1 11 7 60 60
0453_0012_0016_0069_0069.jpg 1 12 16 69 69
0454_0026_0027_0054_0054.jpg 1 26 27 54 54
0455_0039_0045_0039_0039.jpg 1 39 45 39 39
0456_0036_0013_0054_0054.jpg 1 36 13 54 54
0457_0041_0023_0041_0041.jpg 1 41 23 41 41
0458_0008_0004_0063_0063.jpg 1 8 4 63 63
0459_0026_0051_0038_0038.jpg 1 26 51 38 38
0460_0042_0047_0043_0043.jpg 1 42 47 43 43
0461_0016_0018_0050_0050.jpg 1 16 18 50 50
0462_0027_0038_0079_0079.jpg 1 27 38 79 79
0463_0062_0037_0029_0029.jpg 1 62 37 29 29
0464_0027_0008_0034_0034.jpg 1 27 8 34 34
0465_0029_0022_0062_0062.jpg 1 29 22 62 62
0466_0046_0035_0034_0034.jpg 1 46 35 34 34
0467_0012_0034_0042_0042.jpg 1 12 34 42 42
0468_0056_0008_0030_0030.jpg 1 56 8 30 30
0469_0019_0016_0053_0053.jpg 1 19 16 53 53
0470_0019_0028_0061_0061.jpg 1 19 28 61 61
0471_0038_0006_0050_0050.jpg 1 38 6 50 50
0472_0035_0022_0060_0060.jpg 1 35 22 60 60
0473_0018_0010_0061_0061.jpg 1 18 10 61 61
0474_0009_0010_0065_0065.jpg 1 9 10 65 65
0475_0017_0004_0062_0062.jpg 1 17 4 62 62
0476_0063_0063_0029_0029.jpg 1 63 63 29 29
0477_0011_0011_0065_0065.jpg 1 11 11 65 65
0478_0010_0017_0045_0045.jpg 1 10 17 45 45
0479_0014_0005_0069_0069.jpg 1 14 5 69 69
0480_0012_0026_0061_0061.jpg 1 12 26 61 61
0481_0055_0035_0029_0029.jpg 1 55 35 29 29
0482_0031_0007_0041_0041.jpg 1 31 7 41 41
0483_0010_0026_0064_0064.jpg 1 10 26 64 64
0484_0037_0018_0046_0046.jpg 1 37 18 46 46
0485_0027_0029_0028_0028.jpg 1 27 29 28 28
0486_0032_0070_0036_0036.jpg 1 32 70 36 36
0487_0010_0039_0067_0067.jpg 1 10 39 67 67
0488_0018_0039_0026_0026.jpg 1 18 39 26 26
0489_0035_0035_0045_0045.jpg 1 35 35 45 45
0490_0016_0017_0028_0028.jpg 1 16 17 28 28
0491_0009_0017_0024_0024.jpg 1 9 17 24 24
0492_0027_0012_0057_0057.jpg 1 27 12 57 57
0493_0007_0017_0066_0066.jpg 1 7 17 66 66
0494_0032_0017_0045_0045.jpg 1 32 17 45 45
0495_0047_0056_0036_0036.jpg 1 47 56 36 36
0496_0012_0025_0054_0054.jpg 1 12 25 54 54
0497_0023_0008_0068_0068.jpg 1 23 8 68 68
0498_0043_0031_0041_0041.jpg 1 43 31 41 41
0499_0006_0033_0047_0047.jpg 1 6 33 47 47
0500_0030_0005_0053_0053.jpg 1 30 5 53 53
0501_0056_0063_0029_0029.jpg 1 56 63 29 29
0502_0019_0040_0049_0049.jpg 1 19 40 49 49
0503_0023_0008_0038_0038.jpg 1 23 8 38 38
0504_0035_0004_0054_0054.jpg 1 35 4 54 54
0505_0050_0047_0033_0033.jpg 1 50 47 33 33
0506_0027_0038_0039_0039.jpg 1 27 38 39 39
0507_0021_0043_0045_0045.jpg 1 21 43 45 45
0508_0048_0007_0065_0065.jpg 1 48 7 65 65
0509_0015_0018_0043_0043.jpg 1 15 18 43 43
0510_0007_0024_0056_0056.jpg 1 7 24 56 56
0511_0032_0042_0051_0051.jpg 1 32 42 51 51
0512_0040_0053_0024_0024.jpg 1 40 53 24 24
0513_0031_0030_0032_0032.jpg 1 31 30 32 32
0514_0033_0012_0044_0044.jpg 1 33 12 44 44
0515_0020_0024_0048_0048.jpg 1 20 24 48 48
0516_0030_0042_0047_0047.jpg 1 30 42 47 47
0517_0017_0061_0052_0052.jpg 1 17 61 52 52
0518_0008_0009_0024_0024.jpg 1 8 9 24 24
0519_0024_0023_0053_0053.jpg 1 24 23 53 53
0520_0007_0015_0054_0054.jpg 1 7 15 54 54
0521_0044_0045_0042_0042.jpg 1 44 45 42 42
0522_0011_0005_0057_0057.jpg 1 11 5 57 57
0523_0005_0038_0073_0073.jpg 1 5 38 73 73
0524_0018_0032_0056_0056.jpg 1 18 32 56 56
0525_0010_0047_0042_0042.jpg 1 10 47 42 42
0526_0028_0066_0026_0026.jpg 1 28 66 26 26
0527_0039_0040_0050_0050.jpg 1 39 40 50 50
0528_0035_0007_0051_0051.jpg 1 35 7 51 51
0529_0013_0023_0064_0064.jpg 1 13 23 64 64
0530_0032_0028_0038_0038.jpg 1 32 28 38 38
0531_0028_0010_0036_0036.jpg 1 28 10 36 36
0532_0013_0012_0052_0052.jpg 1 13 12 52 52
0533_0039_0006_0045_0045.jpg 1 39 6 45 45
0534_0018_0037_0042_0042.jpg 1 18 37 42 42
0535_0031_0030_0031_0031.jpg 1 31 30 31 31
0536_0013_0033_0036_0036.jpg 1 13 33 36 36
0537_0014_0054_0031_0031.jpg 1 14 54 31 31
0538_0004_0017_0062_0062.jpg 1 4 17 62 62
0539_0040_0010_0032_0032.jpg 1 40 10 32 32
0540_0007_0027_0056_0056.jpg 1 7 27 56 56
0541_0033_0057_0034_0034.jpg 1 33 57 34 34
0542_0021_0024_0032_0032.jpg 1 21 24 32 32
0543_0032_0013_0035_0035.jpg 1 32 13 35 35
0544_0062_0054_0025_0025.jpg 1 62 54 25 25
0545_0011_0006_0041_0041.jpg 1 11 6 41 41
0546_0024_0026_0064_0064.jpg 1 24 26 64 64
0547_0039_0010_0048_0048.jpg 1 39 10 48 48
0548_0014_0037_0056_0056.jpg 1 14 37 56 56
0549_0017_0020_0066_0066.jpg 1 17 20 66 66
0550_0019_0028_0029_0029.jpg 1 19 28 29 29
0551_0038_0040_0051_0051.jpg 1 38 40 51 51
0552_0023_0023_0068_0068.jpg 1 23 23 68 68
0553_0015_0022_0030_0030.jpg 1 15 22 30 30
0554_0043_0015_0048_0048.jpg 1 43 15 48 48
0555_0049_0024_0042_0042.jpg 1 49 24 42 42
0556_0040_0017_0054_0054.jpg 1 40 17 54 54
0557_0038_0038_0027_0027.jpg 1 38 38 27 27
0558_0017_0030_0039_0039.jpg 1 17 30 39 39
0559_0023_0049_0044_0044.jpg 1 23 49 44 44
0560_0023_0019_0064_0064.jpg 1 23 19 64 64
0561_0046_0050_0043_0043.jpg 1 46 50 43 43
0562_0012_0015_0066_0066.jpg 1 12 15 66 66
0563_0021_0018_0066_0066.jpg 1 21 18 66 66
0564_0045_0025_0036_0036.jpg 1 45 25 36 36
0565_0042_0042_0048_0048.jpg 1 42 42 48 48
0566_0014_0052_0027_0027.jpg 1 14 52 27 27
0567_0015_0017_0069_0069.jpg 1 15 17 69 69
0568_0038_0006_0050_0050.jpg 1 38 6 50 50
0569_0003_0003_0069_0069.jpg 1 3 3 69 69
0570_0009_0026_0054_0054.jpg 1 9 26 54 54
0571_0012_0020_0024_0024.jpg 1 12 20 24 24
0572_0011_0007_0064_0064.jpg 1 11 7 64 64
0573_0058_0053_0030_0030.jpg 1 58 53 30 30
0574_0014_0007_0059_0059.jpg 1 14 7 59 59
0575_0040_0007_0056_0056.jpg 1 40 7 56 56
0576_0013_0019_0058_0058.jpg 1 13 19 58 58
0577_0045_0016_0036_0036.jpg 1 45 16 36 36
0578_0029_0022_0028_0028.jpg 1 29 22 28 28
0579_0019_0029_0035_0035.jpg 1 19 29 35 35
0580_0026_0023_0063_0063.jpg 1 26 23 63 63
0581_0026_0008_0040_0040.jpg 1 26 8 40 40
0582_0015_0039_0052_0052.jpg 1 15 39 52 52
0583_0020_0042_0035_0035.jpg 1 20 42 35 35
0584_0031_0004_0090_0090.jpg 1 31 4 90 90
0585_0023_0019_0025_0025.jpg 1 23 19 25 25
0586_0019_0041_0047_0047.jpg 1 19 41 47 47
0587_0021_0017_0051_0051.jpg 1 21 17 51 51
0588_0050_0023_0040_0040.jpg 1 50 23 40 40
0589_0018_0008_0041_0041.jpg 1 18 8 41 41
0590_0023_0012_0068_0068.jpg 1 23 12 68 68
0591_0008_0004_0069_0069.jpg 1 8 4 69 69
0592_0020_0008_0080_0080.jpg 1 20 8 80 80
0593_0023_0032_0056_0056.jpg 1 23 32 56 56
0594_0041_0006_0040_0040.jpg 1 41 6 40 40
0595_0054_0042_0039_0039.jpg 1 54 42 39 39
0596_0019_0040_0033_0033.jpg 1 19 40 33 33
0597_0021_0008_0038_0038.jpg 1 21 8 38 38
0598_0019_0045_0025_0025.jpg 1 19 45 25 25
0599_0057_0022_0033_0033.jpg 1 57 22 33 33
0600_0015_0029_0060_0060.jpg 1 15 29 60 60
0601_0034_0025_0041_0041.jpg 1 34 25 41 41
0602_0026_0016_0064_0064.jpg 1 26 16 64 64
0603_0021_0034_0029_0029.jpg 1 21 34 29 29
0604_0022_0053_0037_0037.jpg 1 22 53 37 37
0605_0038_0052_0036_0036.jpg 1 38 52 36 36
0606_0033_0035_0077_0077.jpg 1 33 35 77 77
0607_0019_0007_0052_0052.jpg 1 19 7 52 52
0608_0017_0028_0056_0056.jpg 1 17 28 56 56
0609_0008_0031_0032_0032.jpg 1 8 31 32 32
0610_0035_0019_0024_0024.jpg 1 35 19 24 24
0611_0014_0021_0037_0037.jpg 1 14 21 37 37
0612_0034_0035_0065_0065.jpg 1 34 35 65 65
0613_0003_0020_0067_0067.jpg 1 3 20 67 67
0614_0031_0039_0044_0044.jpg 1 31 39 44 44
0615_0079_0009_0024_0024.jpg 1 79 9 24 24
0616_0005_0019_0069_0069.jpg 1 5 19 69 69
0617_0029_0032_0039_0039.jpg 1 29 32 39 39
0618_0027_0022_0053_0053.jpg 1 27 22 53 53
0619_0040_0014_0043_0043.jpg 1 40 14 43 43
0620_0053_0029_0024_0024.jpg 1 53 29 24 24
0621_0012_0015_0066_0066.jpg 1 12 15 66 66
0622_0007_0009_0068_0068.jpg 1 7 9 68 68
0623_0032_0010_0063_0063.jpg 1 32 10 63 63
0624_0054_0012_0039_0039.jpg 1 54 12 39 39
0625_0021_0028_0063_0063.jpg 1 21 28 63 63
0626_0015_0024_0076_0076.jpg 1 15 24 76 76
0627_0005_0004_0068_0068.jpg 1 5 4 68 68
0628_0012_0012_0042_0042.jpg 1 12 12 42 42
0629_0033_0010_0039_0039.jpg 1 33 10 39 39
0630_0012_0031_0056_0056.jpg 1 12 31 56 56
0631_0032_0013_0064_0064.jpg 1 32 13 64 64
0632_0012_0015_0061_0061.jpg 1 12 15 61 61
0633_0034_0040_0054_0054.jpg 1 34 40 54 54
0634_0021_0055_0029_0029.jpg 1 21 55 29 29
0635_0025_0041_0051_0051.jpg 1 25 41 51 51
0636_0009_0016_0029_0029.jpg 1 9 16 29 29
0637_0009_0030_0055_0055.jpg 1 9 30 55 55
0638_0064_0054_0043_0043.jpg 1 64 54 43 43
0639_0013_0008_0050_0050.jpg 1 13 8 50 50
0640_0007_0019_0025_0025.jpg 1 7 19 25 25
0641_0022_0039_0030_0030.jpg 1 22 39 30 30
0642_0005_0028_0061_0061.jpg 1 5 28 61 61
0643_0040_0027_0043_0043.jpg 1 40 27 43 43
0644_0030_0005_0065_0065.jpg 1 30 5 65 65
0645_0033_0038_0029_0029.jpg 1 33 38 29 29
0646_0006_0010_0065_0065.jpg 1 6 10 65 65
0647_0008_0044_0038_0038.jpg 1 8 44 38 38
0648_0031_0020_0045_0045.jpg 1 31 20 45 45
0649_0021_0016_0056_0056.jpg 1 21 16 56 56
0650_0014_0016_0046_0046.jpg 1 14 16 46 46
0651_0011_0020_0067_0067.jpg 1 11 20 67 67
0652_0054_0061_0025_0025.jpg 1 54 61 25 25
0653_0020_0005_0064_0064.jpg 1 20 5 64 64
0654_0037_0031_0035_0035.jpg 1 37 31 35 35
0655_0031_0053_0039_0039.jpg 1 31 53 39 39
0656_0030_0031_0042_0042.jpg 1 30 31 42 42
0657_0032_0038_0056_0056.jpg 1 32 38 56 56
0658_0008_0053_0060_0060.jpg 1 8 53 60 60
0659_0050_0007_0036_0036.jpg 1 50 7 36 36
0660_0046_0025_0030_0030.jpg 1 46 25 30 30
0661_0043_0055_0033_0033.jpg 1 43 55 33 33
0662_0021_0014_0060_0060.jpg 1 21 14 60 60
0663_0048_0050_0040_0040.jpg 1 48 50 40 40
0664_0040_0035_0045_0045.jpg 1 40 35 45 45
0665_0040_0027_0027_0027.jpg 1 40 27 27 27
0666_0031_0013_0043_0043.jpg 1 31 13 43 43
0667_0030_0015_0042_0042.jpg 1 30 15 42 42
0668_0046_0010_0033_0033.jpg 1 46 10 33 33
0669_0019_0021_0068_0068.jpg 1 19 21 68 68
0670_0018_0012_0057_0057.jpg 1 18 12 57 57
0671_0029_0018_0039_0039.jpg 1 29 18 39 39
0672_0039_0034_0044_0044.jpg 1 39 34 44 44
0673_0029_0003_0066_0066.jpg 1 29 3 66 66
0674_0025_0005_0058_0058.jpg 1 25 5 58 58
0675_0011_0027_0041_0041.jpg 1 11 27 41 41
0676_0016_0033_0037_0037.jpg 1 16 33 37 37
0677_0016_0052_0035_0035.jpg 1 16 52 35 35
0678_0016_0028_0059_0059.jpg 1 16 28 59 59
0679_0039_0020_0044_0044.jpg 1 39 20 44 44
0680_0043_0032_0030_0030.jpg 1 43 32 30 30
0681_0025_0029_0066_0066.jpg 1 25 29 66 66
0682_0004_0013_0063_0063.jpg 1 4 13 63 63
0683_0019_0017_0044_0044.jpg 1 19 17 44 44
0684_0025_0050_0037_0037.jpg 1 25 50 37 37
0685_0036_0006_0057_0057.jpg 1 36 6 57 57
0686_0011_0015_0066_0066.jpg 1 11 15 66 66
0687_0038_0027_0057_0057.jpg 1 38 27 57 57
0688_0010_0020_0065_0065.jpg 1 10 20 65 65
0689_0005_0025_0057_0057.jpg 1 5 25 57 57
0690_0029_0009_0035_0035.jpg 1 29 9 35 35
0691_0004_0033_0062_0062.jpg 1 4 33 62 62
0692_0030_0057_0024_0024.jpg 1 30 57 24 24
0693_0009_0043_0045_0045.jpg 1 9 43 45 45
0694_0037_0011_0045_0045.jpg 1 37 11 45 45
0695_0020_0059_0033_0033.jpg 1 20 59 33 33
0696_0038_0028_0031_0031.jpg 1 38 28 31 31
0697_0014_0015_0059_0059.jpg 1 14 15 59 59
0698_0013_0016_0065_0065.jpg 1 13 16 65 65
0699_0031_0034_0054_0054.jpg 1 31 34 54 54
0700_0016_0019_0039_0039.jpg 1 16 19 39 39
0701_0004_0025_0052_0052.jpg 1 4 25 52 52
0702_0037_0024_0039_0039.jpg 1 37 24 39 39
0703_0048_0064_0027_0027.jpg 1 48 64 27 27
0704_0049_0029_0033_0033.jpg 1 49 29 33 33
0705_0025_0080_0047_0047.jpg 1 25 80 47 47
0706_0009_0012_0040_0040.jpg 1 9 12 40 40
0707_0034_0053_0040_0040.jpg 1 34 53 40 40
0708_0012_0028_0056_0056.jpg 1 12 28 56 56
0709_0011_0034_0033_0033.jpg 1 11 34 33 33
0710_0029_0011_0058_0058.jpg 1 29 11 58 58
0711_0024_0046_0035_0035.jpg 1 24 46 35 35
0712_0019_0008_0056_0056.jpg 1 19 8 56 56
0713_0008_0038_0034_0034.jpg 1 8 38 34 34
0714_0011_0020_0033_0033.jpg 1 11 20 33 33
0715_0024_0015_0066_0066.jpg 1 24 15 66 66
0716_0004_0015_0056_0056.jpg 1 4 15 56 56
0717_0034_0040_0037_0037.jpg 1 34 40 37 37
0718_0061_0028_0032_0032.jpg 1 61 28 32 32
0719_0026_0031_0039_0039.jpg 1 26 31 39 39
0720_0006_0026_0063_0063.jpg 1 6 26 63 63
0721_0021_0021_0062_0062.jpg 1 21 21 62 62
0722_0015_0006_0063_0063.jpg 1 15 6 63 63
0723_0010_0042_0049_0049.jpg 1 10 42 49 49
0724_0044_0009_0041_0041.jpg 1 44 9 41 41
0725_0028_0020_0065_0065.jpg 1 28 20 65 65
0726_0022_0016_0034_0034.jpg 1 22 16 34 34
0727_0051_0028_0035_0035.jpg 1 51 28 35 35
0728_0022_0052_0041_0041.jpg 1 22 52 41 41
0729_0007_0031_0043_0043.jpg 1 7 31 43 43
0730_0042_0013_0025_0025.jpg 1 42 13 25 25
0731_0014_0013_0053_0053.jpg 1 14 13 53 53
0732_0043_0019_0025_0025.jpg 1 43 19 25 25
0733_0035_0028_0047_0047.jpg 1 35 28 47 47
0734_0034_0028_0059_0059.jpg 1 34 28 59 59
0735_0023_0014_0055_0055.jpg 1 23 14 55 55
0736_0012_0051_0036_0036.jpg 1 12 51 36 36
0737_0042_0055_0040_0040.jpg 1 42 55 40 40
0738_0035_0019_0027_0027.jpg 1 35 19 27 27
0739_0004_0022_0060_0060.jpg 1 4 22 60 60
0740_0028_0056_0030_0030.jpg 1 28 56 30 30
0741_0022_0024_0050_0050.jpg 1 22 24 50 50
0742_0022_0030_0057_0057.jpg 1 22 30 57 57
0743_0013_0037_0054_0054.jpg 1 13 37 54 54
0744_0013_0014_0055_0055.jpg 1 13 14 55 55
0745_0059_0079_0027_0027.jpg 1 59 79 27 27
0746_0009_0018_0069_0069.jpg 1 9 18 69 69
0747_0032_0042_0025_0025.jpg 1 32 42 25 25
0748_0043_0017_0046_0046.jpg 1 43 17 46 46
0749_0007_0012_0037_0037.jpg 1 7 12 37 37
0750_0050_0029_0038_0038.jpg 1 50 29 38 38
0751_0026_0031_0049_0049.jpg 1 26 31 49 49
0752_0046_0006_0041_0041.jpg 1 46 6 41 41
0753_0021_0007_0039_0039.jpg 1 21 7 39 39
0754_0007_0039_0035_0035.jpg 1 7 39 35 35
0755_0032_0026_0063_0063.jpg 1 32 26 63 63
0756_0027_0007_0051_0051.jpg 1 27 7 51 51
0757_0017_0017_0066_0066.jpg 1 17 17 66 66
0758_0031_0006_0064_0064.jpg 1 31 6 64 64
0759_0011_0021_0060_0060.jpg 1 11 21 60 60
0760_0024_0022_0067_0067.jpg 1 24 22 67 67
